<?xml version="1.0" encoding="UTF-8"?>
<!-- Generated by org.testng.reporters.JUnitXMLReporter -->
<testsuite hostname="MACAIM00840" ignored="0" name="Test" tests="4" failures="0" timestamp="2020-05-09T21:52:39 IST" time="60.179" errors="0">
  <testcase name="findbrokenLinks" time="40.132" classname="CoronaSelenium.SeleniumInCorona.Demo"/>
  <testcase name="highLightText" time="1.87" classname="CoronaSelenium.SeleniumInCorona.Demo"/>
  <testcase name="findbrokenLinks" time="2.192" classname="CoronaSelenium.SeleniumInCorona.Demo2"/>
  <testcase name="highLightText" time="1.071" classname="CoronaSelenium.SeleniumInCorona.Demo2"/>
</testsuite> <!-- Test -->
